<?xml version="1.0" encoding="UTF-8"?>
<!-- Generated by org.testng.reporters.JUnitXMLReporter -->
<testsuite hostname="LaptopB" ignored="4" name="TestNG" tests="5" failures="0" timestamp="2022-01-30T13:40:57 CET" time="81.28" errors="0">
  <testcase name="login" time="11.425" classname="testcases.TC001_LoginWithValidCredentials"/>
  <testcase name="login" time="13.241" classname="testcases.TC002_LoginWithInValidCredentials"/>
  <testcase name="login" time="12.197" classname="testcases.TC003_LoginWithInEmptyMailAndPassword"/>
  <testcase name="login" time="12.263" classname="testcases.TC004_LoginWithInIncorrectMailFormat"/>
  <testcase name="login" time="2.142" classname="testcases.TC005_GoToCareersPageAndCheckOpeningsForTestAutomationEngineerinStockholm"/>
  <testcase name="@AfterTest afterTest" time="0.0" classname="Wrappers.TestBase">
    <ignored/>
  </testcase> <!-- @AfterTest afterTest -->
  <testcase name="@AfterTest afterTest" time="0.0" classname="Wrappers.TestBase">
    <ignored/>
  </testcase> <!-- @AfterTest afterTest -->
  <testcase name="@AfterTest afterTest" time="0.0" classname="Wrappers.TestBase">
    <ignored/>
  </testcase> <!-- @AfterTest afterTest -->
  <testcase name="@AfterTest afterTest" time="0.0" classname="Wrappers.TestBase">
    <ignored/>
  </testcase> <!-- @AfterTest afterTest -->
</testsuite> <!-- TestNG -->
